<?xml version="1.0" encoding="UTF-8"?>
<testsuite xmlns:xsi="http://www.w3.org/2001/XMLSchema-instance" xsi:noNamespaceSchemaLocation="https://maven.apache.org/surefire/maven-surefire-plugin/xsd/surefire-test-report.xsd" name="com.parkit.parkingsystem.dao.TicketDAOTest" time="1.386" tests="9" errors="0" skipped="0" failures="0">
  <properties>
[...]
</properties>
  <testcase name="saveTicketTest_shouldThrowException_whenNoDBConnectionAvailable" classname="com.parkit.parkingsystem.dao.TicketDAOTest" time="0.585"/>
  <testcase name="getTicketTest_whenVehicleRegNumberNotExist" classname="com.parkit.parkingsystem.dao.TicketDAOTest" time="0.007"/>
  <testcase name="updateTicketTest_shouldThrowsException_WhenNoDBConnectionAvailable" classname="com.parkit.parkingsystem.dao.TicketDAOTest" time="0.266"/>
  <testcase name="saveTicketTest" classname="com.parkit.parkingsystem.dao.TicketDAOTest" time="0.003"/>
  <testcase name="getTicketTest_shouldThrowsException_WhenNoDBConnectionAvailable" classname="com.parkit.parkingsystem.dao.TicketDAOTest" time="0.237"/>
  <testcase name="updateTicketTest" classname="com.parkit.parkingsystem.dao.TicketDAOTest" time="0.025"/>
  <testcase name="saveTicketTest_WhenFail" classname="com.parkit.parkingsystem.dao.TicketDAOTest" time="0.249"/>
  <testcase name="getTicketTest" classname="com.parkit.parkingsystem.dao.TicketDAOTest" time="0.011"/>
  <testcase name="updateTicketTest_whenFail" classname="com.parkit.parkingsystem.dao.TicketDAOTest" time="0.001"/>
</testsuite>